06-11 15:10:38 [info] [StdOut] 已重定向到命名管道: \\.\pipe\NapCat_31568
06-11 15:10:38 [info] [FFmpeg] [Download] 0% - 查找可用下载源
06-11 15:10:38 [info] [NapCat] [Core] NapCat.Core Version: 4.7.77
06-11 15:10:38 [info] [NapCat] [WebUi] WebUi Local Panel Url: http://127.0.0.1:6099/webui?token=napcat
06-11 15:10:38 [info] 等待网络连接...
06-11 15:10:39 [info] 网络已连接
06-11 15:10:39 [error] 快速登录失败，未找到该 QQ 历史登录记录，将使用二维码登录方式
06-11 15:10:39 [warn] 请扫描下面的二维码，然后在手Q上授权登录：
06-11 15:10:39 [warn] 

▄▄▄▄▄▄▄▄▄▄▄▄▄▄▄▄▄▄▄▄▄▄▄▄▄▄▄▄▄▄▄▄▄▄▄
█ ▄▄▄▄▄ █▄▄███▀▄█▀▀ ▄ ▀█▀▀█ ▄▄▄▄▄ █
█ █   █ █ ▀█ ▄ █▀ ██▀▀██  █ █   █ █
█ █▄▄▄█ █▄ ▄▄▀▀█▄█▀█ ▀▀▄█▄█ █▄▄▄█ █
█▄▄▄▄▄▄▄█▄▀▄▀▄█ █ ▀▄▀▄█ █ █▄▄▄▄▄▄▄█
█▄  ▄█▀▄▀▄▀████▀▄██▄ ▀ ██▄▄▀█▄▄ ▀ █
█▀   ▀▀▄█▄██▀▀▀▄▀█▄▄█▀▄█▄▄█ ▀▄█▄ ▄█
█▀▄▀▀█▀▄ ▀ ▀ █▄█ ▀▄ ▄█ ▄▀▀▄█▄▄ ▀▀██
█▄▄█▄ ▀▄    █ ▄██ █▀▄█ ▄▀ ▀  ▄█ ███
██   ██▄▄▀ ▀▄▀  ▀▀▄ ██▄▄▄       ▄ █
█ ▀▄  ▄▄▀▀▀▀▄ █▀   ▄▀██▄▀▀  ██ █▄▀█
█▀▀▀ █▀▄█▄██▄ █▀▄  ▄  ▀█  ▄▀▄█▀▄▀▀█
██▀ █▄█▄█▄▀▄▄▄▀ ▀ ███▀▄  ▄▄▀▀▄▀▄ ▄█
█▄█▄▄▄▄▄█ ▀▀▀ ▄██▀██▄█ ▄  ▄▄▄ ▄██▄█
█ ▄▄▄▄▄ ██▀█ ██▄█▄█▄ ▀ ▄  █▄█ ▀▀███
█ █   █ █▀█ ██  ▀▄ ▄█▀▄█  ▄▄▄▄█  ▄█
█ █▄▄▄█ █ ▄▀▀ █▀   ▀█ █▄▄▀▄ ▄▀█▄▄▀█
█▄▄▄▄▄▄▄█▄▄██▄██▄▄█▄▄▄▄███▄███▄▄███

二维码解码URL: https://txz.qq.com/p?k=SQVoK7cJvFJ6qvOv0OgzdJT8RzMOOrKo&f=1600001604
如果控制台二维码无法扫码，可以复制解码url到二维码生成网站生成二维码再扫码，也可以打开下方的二维码路径图片进行扫码。
06-11 15:10:39 [warn] 二维码已保存到 F:\MusicalBot\napcat\cache\qrcode.png
06-11 15:10:39 [info] [FFmpeg] [Download] 5% - 开始下载FFmpeg
06-11 15:10:40 [info] [FFmpeg] [Download] 5% - 下载FFmpeg
06-11 15:10:41 [info] [FFmpeg] [Download] 8% - 下载FFmpeg
06-11 15:10:42 [info] [FFmpeg] [Download] 26% - 下载FFmpeg
06-11 15:10:44 [info] [FFmpeg] [Download] 35% - 下载FFmpeg
06-11 15:10:45 [info] [FFmpeg] [Download] 36% - 下载FFmpeg
06-11 15:10:46 [info] [FFmpeg] [Download] 51% - 下载FFmpeg
06-11 15:10:47 [info] [FFmpeg] [Download] 58% - 下载FFmpeg
06-11 15:10:48 [info] [FFmpeg] [Download] 72% - 下载FFmpeg
06-11 15:10:48 [info] [FFmpeg] [Download] 75% - 下载FFmpeg
06-11 15:10:48 [info] [FFmpeg] [Download] 75% - 解压FFmpeg
06-11 15:10:51 [info] [FFmpeg] [Download] 95% - 清理临时文件
06-11 15:10:51 [info] [FFmpeg] [Download] 100% - FFmpeg安装完成
06-11 15:10:51 [info] [Check] ffmpeg: F:\MusicalBot\napcat\ffmpeg\ffmpeg.exe
06-11 15:10:51 [info] [Check] ffprobe: F:\MusicalBot\napcat\ffmpeg\ffprobe.exe
06-11 15:11:40 [debug] 本账号数据/缓存目录： C:\Users\yyb\Documents\Tencent Files\NapCat\data
06-11 15:11:40 [debug] [Core] [Config] 配置文件F:\MusicalBot\napcat\config\napcat.json加载 {"fileLog":false,"consoleLog":true,"fileLogLevel":"debug","consoleLogLevel":"info","packetBackend":"auto","packetServer":"","o3HookMode":1}
06-11 15:11:40 [info] [Core] [Packet] 自动选择 NativePacketClient 作为后端
