06-16 19:34:05 [info] [StdOut] 已重定向到命名管道: \\.\pipe\NapCat_44288
06-16 19:34:05 [info] [NapCat] [Core] NapCat.Core Version: 4.7.77
06-16 19:34:05 [info] [Check] ffmpeg: F:\MusicalBot\napcat\ffmpeg\ffmpeg.exe
06-16 19:34:05 [info] [Check] ffprobe: F:\MusicalBot\napcat\ffmpeg\ffprobe.exe
06-16 19:34:05 [info] [NapCat] [WebUi] WebUi Local Panel Url: http://127.0.0.1:6099/webui?token=napcat
06-16 19:34:05 [info] 等待网络连接...
06-16 19:34:06 [info] 网络已连接
06-16 19:34:06 [info] 正在快速登录  3044829389
06-16 19:34:06 [error] 快速登录错误： 你的用户身份已失效，为保证账号安全，请你重新登录。
06-16 19:34:06 [warn] 请扫描下面的二维码，然后在手Q上授权登录：
06-16 19:34:06 [warn] 

▄▄▄▄▄▄▄▄▄▄▄▄▄▄▄▄▄▄▄▄▄▄▄▄▄▄▄▄▄▄▄▄▄▄▄
█ ▄▄▄▄▄ █▄▄▄ ▀▄██ █▄▀████▀█ ▄▄▄▄▄ █
█ █   █ ██▄▀ █ ▀▄▄▀█  ▄▄█▄█ █   █ █
█ █▄▄▄█ ██▀▄ ▄████▀ ▄█▀▀▀▄█ █▄▄▄█ █
█▄▄▄▄▄▄▄█ ▀▄█ ▀ █ █▄█ █▄▀▄█▄▄▄▄▄▄▄█
█  ▀ ▄▀▄█▀▄▀█▄██▀▀▄▀ █▀█ ▄█▄▀▀█▀▀▄█
█▀▀▄██ ▄██▄██▄█▄ █ ▄▀█▄█ ▀▀  ▄▀▀▄▄█
█▀  ██ ▄ ▄  █▀▀▄  █▀ █▀███▀▄▄███▄▄█
█▀█▄▀█ ▄▄▄ ██▀▄▀ ▄▄ ▄▄▄▄▀▄▀▄█ █▀█▀█
█  ▄██ ▄███▄ ▄▄  ▀ ▀▀▀▄  ▄▄ ▀ ▄█  █
██▀▄███▄█▄▀▀▀▄   ▄▄█  █▀▄██▀█▄█▀▀ █
█  ▄ █ ▄██ ▀▄▀██▀▄▄█▀██▄ ▀▄█▀▀▀█▀██
█ █▄ ▀▄▄ ▀█  ▀█     ███ ▄▀ ▀ ▄█▀▄▄█
█▄▄▄█▄▄▄▄▀██▄▄▀▄▄▀▀▄█▄ ██ ▄▄▄ ▀▀ ██
█ ▄▄▄▄▄ ██ █ ▄█  ▄█▄▄▄▄█  █▄█ ▀ █▀█
█ █   █ █ ▄█▀ ▄  ▄ ▀▀▀▀ ▄▄ ▄▄▄▀█▄▄█
█ █▄▄▄█ █▀▄█▄▄   ██▄  █ ▀█▀▀▄   ▀ █
█▄▄▄▄▄▄▄█▄▄▄████▄███▄▄███▄▄█▄█▄████

二维码解码URL: https://txz.qq.com/p?k=FYo0xJyiG6MkpuihuSbmmiabEp9CSvSj&f=1600001604
如果控制台二维码无法扫码，可以复制解码url到二维码生成网站生成二维码再扫码，也可以打开下方的二维码路径图片进行扫码。
06-16 19:34:06 [warn] 二维码已保存到 F:\MusicalBot\napcat\cache\qrcode.png
06-16 19:35:31 [debug] 本账号数据/缓存目录： C:\Users\yyb\Documents\Tencent Files\NapCat\data
06-16 19:35:31 [debug] [Core] [Config] 配置文件F:\MusicalBot\napcat\config\napcat_3044829389.json加载 {"fileLog":false,"consoleLog":true,"fileLogLevel":"debug","consoleLogLevel":"info","packetBackend":"auto","packetServer":"","o3HookMode":1}
06-16 19:35:31 [info] [Core] [Packet] 自动选择 NativePacketClient 作为后端
