06-13 23:58:39 [info] [StdOut] 已重定向到命名管道: \\.\pipe\NapCat_21184
06-13 23:58:39 [info] [NapCat] [Core] NapCat.Core Version: 4.7.77
06-13 23:58:39 [info] [Check] ffmpeg: F:\MusicalBot\napcat\ffmpeg\ffmpeg.exe
06-13 23:58:39 [info] [Check] ffprobe: F:\MusicalBot\napcat\ffmpeg\ffprobe.exe
06-13 23:58:39 [info] [NapCat] [WebUi] WebUi Local Panel Url: http://127.0.0.1:6099/webui?token=napcat
06-13 23:58:39 [info] 等待网络连接...
06-13 23:58:39 [info] 网络已连接
06-13 23:58:39 [info] 正在快速登录  3044829389
06-13 23:58:39 [info] 正在快速登录  3044829389
06-13 23:58:39 [error] 快速登录错误： 你的用户身份已失效，为保证账号安全，请你重新登录。
06-13 23:58:40 [warn] 请扫描下面的二维码，然后在手Q上授权登录：
06-13 23:58:40 [warn] 

▄▄▄▄▄▄▄▄▄▄▄▄▄▄▄▄▄▄▄▄▄▄▄▄▄▄▄▄▄▄▄▄▄▄▄
█ ▄▄▄▄▄ █▄▄▄ ▀▄██ ▄▄▀█ ▄█▀█ ▄▄▄▄▄ █
█ █   █ ██▄▀ █ ▀▄▄▀▄██▄█▀▀█ █   █ █
█ █▄▄▄█ ██▀▄ ▄████▄ ▄▀ █▀▀█ █▄▄▄█ █
█▄▄▄▄▄▄▄█ ▀▄█ ▀ █ █▄█ █▄▀ █▄▄▄▄▄▄▄█
█▄▄█▄ █▄█▀▄▀█▄██▀▀▄▀▄▄█▄▄▄█▄▀▀█▀▀▄█
█▀▀█ █▀▄▀▀▄██▄█▄ █ █▀█▄█▄█▀  ▄▀▀▄▄█
█▀█▀   ▄▀   █▀▀▄   ██▄█▀▄█▀▄▄███▄▄█
█  █▀  ▄ ▄█▀█▀▄▀ ▄▄  ██▄▀▄▀▄█ █▀█▀█
█  █▀▄█▄ ▄▄▄ ▄▄  ▀ █▀▀▄  █▄ ▀ ▄█  █
█▄█   ▀▄  ▄▄▀▄    ▄▄▄ ▄█▄██▀█▄█▀▀ █
█ ▀ █▄█▄██ ▀▄▀██▄█ ▀█▄▀█ ▀▄█▀▀▀█▀██
█ █ ▄▄▀▄▀▀█▄ ▀█ ▄▀  ▀▄█▀▄▀ ▀ ▄█▀▄▄█
█▄▄▄█▄▄▄█▀ █▄▄▀▄ ▀▄█ ▄▄██ ▄▄▄ ▀▀ ██
█ ▄▄▄▄▄ ███  ▄█  ██  █▄█  █▄█ ▀ █▀█
█ █   █ █ ██▀ ▄ ▀█ ▀█ ▄ ▄▄ ▄▄▄▀█▄▄█
█ █▄▄▄█ █▀▄ ▄▄   ▀▄▄▄▀██▀█▀▀▄   ▀ █
█▄▄▄▄▄▄▄█▄███████▄▄██████▄▄█▄█▄████

二维码解码URL: https://txz.qq.com/p?k=VWJlcF1sDzEFkFBZvkSsdceZQhPAoopV&f=1600001604
如果控制台二维码无法扫码，可以复制解码url到二维码生成网站生成二维码再扫码，也可以打开下方的二维码路径图片进行扫码。
06-13 23:58:40 [warn] 二维码已保存到 F:\MusicalBot\napcat\cache\qrcode.png
